<?xml version="1.0" encoding="UTF-8"?>
<testsuite xmlns:xsi="http://www.w3.org/2001/XMLSchema-instance" xsi:noNamespaceSchemaLocation="https://maven.apache.org/surefire/maven-surefire-plugin/xsd/surefire-test-report.xsd" name="Examples" time="59.604" tests="1" errors="0" skipped="0" failures="1">
  <properties>
[...]
</properties>
  <testcase name="Example #1" classname="Examples" time="59.599">
    <failure message="&#10;Multiple Failures (3 failures)&#10;-- failure 1 --&#10;Expecting:&#10; &lt;&quot;It&apos;s the fastest way to fly anywhere.&quot;&gt;&#10;to be equal to:&#10; &lt;&quot;Shopping is the new black&quot;&gt;&#10;but was not.&#10;at DBSCreditCardsPage.compareBestFor(DBSCreditCardsPage.java:79)&#10;-- failure 2 --&#10;Expecting:&#10; &lt;&quot;N/A&quot;&gt;&#10;to be equal to:&#10; &lt;&quot;Enjoy great dining privileges with the DBS PayLah!.&quot;&gt;&#10;but was not.&#10;at DBSCreditCardsPage.dining(DBSCreditCardsPage.java:195)&#10;-- failure 3 --&#10;Expecting:&#10; &lt;&quot;Enjoy exclusive hotel and travel privileges with DBS Altitude Card&quot;&gt;&#10;to be equal to:&#10; &lt;&quot;Enjoy great travel privileges with the DBS PayLah!&quot;&gt;&#10;but was not.&#10;at DBSCreditCardsPage.travel(DBSCreditCardsPage.java:219)" type="org.assertj.core.error.AssertJMultipleFailuresError"><![CDATA[org.assertj.core.error.AssertJMultipleFailuresError: 

Multiple Failures (3 failures)
-- failure 1 --
Expecting:
 <"It's the fastest way to fly anywhere.">
to be equal to:
 <"Shopping is the new black">
but was not.
at DBSCreditCardsPage.compareBestFor(DBSCreditCardsPage.java:79)
-- failure 2 --
Expecting:
 <"N/A">
to be equal to:
 <"Enjoy great dining privileges with the DBS PayLah!.">
but was not.
at DBSCreditCardsPage.dining(DBSCreditCardsPage.java:195)
-- failure 3 --
Expecting:
 <"Enjoy exclusive hotel and travel privileges with DBS Altitude Card">
to be equal to:
 <"Enjoy great travel privileges with the DBS PayLah!">
but was not.
at DBSCreditCardsPage.travel(DBSCreditCardsPage.java:219)
]]></failure>
    <system-err><![CDATA[Jun 01, 2021 9:50:29 PM org.openqa.selenium.remote.ProtocolHandshake createSession
INFO: Detected dialect: W3C
]]></system-err>
  </testcase>
</testsuite>